2025-07-04T20:09:28.045+03:00  INFO 20052 --- [restartedMain] com.storage.CloudStorageApplication      : Starting CloudStorageApplication using Java 22.0.1 with PID 20052 (C:\Users\teoth\java-cloud-storage\CloudStorage\target\classes started by teoth in C:\Users\teoth\java-cloud-storage\CloudStorage)
2025-07-04T20:09:28.046+03:00  INFO 20052 --- [restartedMain] com.storage.CloudStorageApplication      : No active profile set, falling back to 1 default profile: "default"
2025-07-04T20:09:28.756+03:00  INFO 20052 --- [restartedMain] .s.d.r.c.RepositoryConfigurationDelegate : Bootstrapping Spring Data JPA repositories in DEFAULT mode.
2025-07-04T20:09:28.799+03:00  INFO 20052 --- [restartedMain] .s.d.r.c.RepositoryConfigurationDelegate : Finished Spring Data repository scanning in 37 ms. Found 2 JPA repository interfaces.
2025-07-04T20:09:29.122+03:00  INFO 20052 --- [restartedMain] o.s.b.w.embedded.tomcat.TomcatWebServer  : Tomcat initialized with port 8080 (http)
2025-07-04T20:09:29.127+03:00  INFO 20052 --- [restartedMain] o.apache.catalina.core.StandardService   : Starting service [Tomcat]
2025-07-04T20:09:29.127+03:00  INFO 20052 --- [restartedMain] o.apache.catalina.core.StandardEngine    : Starting Servlet engine: [Apache Tomcat/10.1.41]
2025-07-04T20:09:29.172+03:00  INFO 20052 --- [restartedMain] o.a.c.c.C.[Tomcat].[localhost].[/]       : Initializing Spring embedded WebApplicationContext
2025-07-04T20:09:29.172+03:00  INFO 20052 --- [restartedMain] w.s.c.ServletWebServerApplicationContext : Root WebApplicationContext: initialization completed in 1120 ms
2025-07-04T20:09:29.345+03:00  INFO 20052 --- [restartedMain] o.hibernate.jpa.internal.util.LogHelper  : HHH000204: Processing PersistenceUnitInfo [name: default]
2025-07-04T20:09:29.353+03:00  INFO 20052 --- [restartedMain] o.h.c.internal.RegionFactoryInitiator    : HHH000026: Second-level cache disabled
2025-07-04T20:09:29.388+03:00  INFO 20052 --- [restartedMain] o.s.o.j.p.SpringPersistenceUnitInfo      : No LoadTimeWeaver setup: ignoring JPA class transformer
2025-07-04T20:09:29.391+03:00  INFO 20052 --- [restartedMain] com.zaxxer.hikari.HikariDataSource       : HikariPool-2 - Starting...
2025-07-04T20:09:29.490+03:00  INFO 20052 --- [restartedMain] com.zaxxer.hikari.pool.HikariPool        : HikariPool-2 - Added connection org.postgresql.jdbc.PgConnection@27e337dd
2025-07-04T20:09:29.490+03:00  INFO 20052 --- [restartedMain] com.zaxxer.hikari.HikariDataSource       : HikariPool-2 - Start completed.
2025-07-04T20:09:29.503+03:00  INFO 20052 --- [restartedMain] org.hibernate.orm.connections.pooling    : HHH10001005: Database info:
	Database JDBC URL [Connecting through datasource 'HikariDataSource (HikariPool-2)']
	Database driver: undefined/unknown
	Database version: 17.5
	Autocommit mode: undefined/unknown
	Isolation level: undefined/unknown
	Minimum pool size: undefined/unknown
	Maximum pool size: undefined/unknown
2025-07-04T20:09:29.846+03:00  INFO 20052 --- [restartedMain] o.h.e.t.j.p.i.JtaPlatformInitiator       : HHH000489: No JTA platform available (set 'hibernate.transaction.jta.platform' to enable JTA platform integration)
2025-07-04T20:09:30.049+03:00  INFO 20052 --- [restartedMain] j.LocalContainerEntityManagerFactoryBean : Initialized JPA EntityManagerFactory for persistence unit 'default'
2025-07-04T20:09:30.239+03:00  INFO 20052 --- [restartedMain] eAuthenticationProviderManagerConfigurer : Global AuthenticationManager configured with AuthenticationProvider bean with name authProvider
2025-07-04T20:09:30.241+03:00  WARN 20052 --- [restartedMain] r$InitializeUserDetailsManagerConfigurer : Global AuthenticationManager configured with an AuthenticationProvider bean. UserDetailsService beans will not be used by Spring Security for automatically configuring username/password login. Consider removing the AuthenticationProvider bean. Alternatively, consider using the UserDetailsService in a manually instantiated DaoAuthenticationProvider. If the current configuration is intentional, to turn off this warning, increase the logging level of 'org.springframework.security.config.annotation.authentication.configuration.InitializeUserDetailsBeanManagerConfigurer' to ERROR
2025-07-04T20:09:30.438+03:00  WARN 20052 --- [restartedMain] JpaBaseConfiguration$JpaWebConfiguration : spring.jpa.open-in-view is enabled by default. Therefore, database queries may be performed during view rendering. Explicitly configure spring.jpa.open-in-view to disable this warning
2025-07-04T20:09:30.797+03:00  INFO 20052 --- [restartedMain] o.s.b.a.e.web.EndpointLinksResolver      : Exposing 1 endpoint beneath base path '/actuator'
2025-07-04T20:09:31.057+03:00  INFO 20052 --- [restartedMain] o.s.b.a.h2.H2ConsoleAutoConfiguration    : H2 console available at '/h2-console'. Database available at 'jdbc:postgresql://localhost:5432/CloudStorage'
2025-07-04T20:09:31.080+03:00  INFO 20052 --- [restartedMain] o.s.b.d.a.OptionalLiveReloadServer       : LiveReload server is running on port 35729
2025-07-04T20:09:31.126+03:00  INFO 20052 --- [restartedMain] o.s.b.w.embedded.tomcat.TomcatWebServer  : Tomcat started on port 8080 (http) with context path '/'
2025-07-04T20:09:31.141+03:00  INFO 20052 --- [restartedMain] com.storage.CloudStorageApplication      : Started CloudStorageApplication in 3.231 seconds (process running for 832.693)
2025-07-04T20:09:31.154+03:00  INFO 20052 --- [restartedMain] .ConditionEvaluationDeltaLoggingListener : Condition evaluation delta:


==========================
CONDITION EVALUATION DELTA
==========================


Positive matches:
-----------------

   LogFileWebEndpointAutoConfiguration#logFileWebEndpoint matched:
      - Log File found logging.file.name logs/cloud-storage.log (LogFileWebEndpointAutoConfiguration.LogFileCondition)
      - @ConditionalOnMissingBean (types: org.springframework.boot.actuate.logging.LogFileWebEndpoint; SearchStrategy: all) did not find any beans (OnBeanCondition)


Negative matches:
-----------------

    None


Exclusions:
-----------

    None


Unconditional classes:
----------------------

    None



2025-07-04T20:14:59.415+03:00  INFO 20052 --- [File Watcher] rtingClassPathChangeChangedEventListener : Restarting due to 1 class path change (0 additions, 0 deletions, 1 modification)
2025-07-04T20:14:59.430+03:00  INFO 20052 --- [Thread-7] o.s.b.w.e.tomcat.GracefulShutdown        : Commencing graceful shutdown. Waiting for active requests to complete
2025-07-04T20:14:59.450+03:00  INFO 20052 --- [tomcat-shutdown] o.s.b.w.e.tomcat.GracefulShutdown        : Graceful shutdown complete
2025-07-04T20:14:59.462+03:00  INFO 20052 --- [Thread-7] j.LocalContainerEntityManagerFactoryBean : Closing JPA EntityManagerFactory for persistence unit 'default'
2025-07-04T20:14:59.465+03:00  INFO 20052 --- [Thread-7] com.zaxxer.hikari.HikariDataSource       : HikariPool-2 - Shutdown initiated...
2025-07-04T20:14:59.490+03:00  INFO 20052 --- [Thread-7] com.zaxxer.hikari.HikariDataSource       : HikariPool-2 - Shutdown completed.
2025-07-04T20:14:59.744+03:00  INFO 20052 --- [restartedMain] com.storage.CloudStorageApplication      : Starting CloudStorageApplication using Java 22.0.1 with PID 20052 (C:\Users\teoth\java-cloud-storage\CloudStorage\target\classes started by teoth in C:\Users\teoth\java-cloud-storage\CloudStorage)
2025-07-04T20:14:59.745+03:00  INFO 20052 --- [restartedMain] com.storage.CloudStorageApplication      : No active profile set, falling back to 1 default profile: "default"
2025-07-04T20:15:01.136+03:00  INFO 20052 --- [restartedMain] .s.d.r.c.RepositoryConfigurationDelegate : Bootstrapping Spring Data JPA repositories in DEFAULT mode.
2025-07-04T20:15:01.177+03:00  INFO 20052 --- [restartedMain] .s.d.r.c.RepositoryConfigurationDelegate : Finished Spring Data repository scanning in 37 ms. Found 2 JPA repository interfaces.
2025-07-04T20:15:01.613+03:00  INFO 20052 --- [restartedMain] o.s.b.w.embedded.tomcat.TomcatWebServer  : Tomcat initialized with port 8080 (http)
2025-07-04T20:15:01.617+03:00  INFO 20052 --- [restartedMain] o.apache.catalina.core.StandardService   : Starting service [Tomcat]
2025-07-04T20:15:01.618+03:00  INFO 20052 --- [restartedMain] o.apache.catalina.core.StandardEngine    : Starting Servlet engine: [Apache Tomcat/10.1.41]
2025-07-04T20:15:01.662+03:00  INFO 20052 --- [restartedMain] o.a.c.c.C.[Tomcat].[localhost].[/]       : Initializing Spring embedded WebApplicationContext
2025-07-04T20:15:01.663+03:00  INFO 20052 --- [restartedMain] w.s.c.ServletWebServerApplicationContext : Root WebApplicationContext: initialization completed in 1895 ms
2025-07-04T20:15:01.911+03:00  INFO 20052 --- [restartedMain] o.hibernate.jpa.internal.util.LogHelper  : HHH000204: Processing PersistenceUnitInfo [name: default]
2025-07-04T20:15:01.917+03:00  INFO 20052 --- [restartedMain] o.h.c.internal.RegionFactoryInitiator    : HHH000026: Second-level cache disabled
2025-07-04T20:15:01.945+03:00  INFO 20052 --- [restartedMain] o.s.o.j.p.SpringPersistenceUnitInfo      : No LoadTimeWeaver setup: ignoring JPA class transformer
2025-07-04T20:15:01.949+03:00  INFO 20052 --- [restartedMain] com.zaxxer.hikari.HikariDataSource       : HikariPool-3 - Starting...
2025-07-04T20:15:02.054+03:00  INFO 20052 --- [restartedMain] com.zaxxer.hikari.pool.HikariPool        : HikariPool-3 - Added connection org.postgresql.jdbc.PgConnection@4aee23b9
2025-07-04T20:15:02.055+03:00  INFO 20052 --- [restartedMain] com.zaxxer.hikari.HikariDataSource       : HikariPool-3 - Start completed.
2025-07-04T20:15:02.067+03:00  INFO 20052 --- [restartedMain] org.hibernate.orm.connections.pooling    : HHH10001005: Database info:
	Database JDBC URL [Connecting through datasource 'HikariDataSource (HikariPool-3)']
	Database driver: undefined/unknown
	Database version: 17.5
	Autocommit mode: undefined/unknown
	Isolation level: undefined/unknown
	Minimum pool size: undefined/unknown
	Maximum pool size: undefined/unknown
2025-07-04T20:15:02.274+03:00  INFO 20052 --- [restartedMain] o.h.e.t.j.p.i.JtaPlatformInitiator       : HHH000489: No JTA platform available (set 'hibernate.transaction.jta.platform' to enable JTA platform integration)
2025-07-04T20:15:02.462+03:00  INFO 20052 --- [restartedMain] j.LocalContainerEntityManagerFactoryBean : Initialized JPA EntityManagerFactory for persistence unit 'default'
2025-07-04T20:15:02.705+03:00  INFO 20052 --- [restartedMain] eAuthenticationProviderManagerConfigurer : Global AuthenticationManager configured with AuthenticationProvider bean with name authProvider
2025-07-04T20:15:02.715+03:00  WARN 20052 --- [restartedMain] r$InitializeUserDetailsManagerConfigurer : Global AuthenticationManager configured with an AuthenticationProvider bean. UserDetailsService beans will not be used by Spring Security for automatically configuring username/password login. Consider removing the AuthenticationProvider bean. Alternatively, consider using the UserDetailsService in a manually instantiated DaoAuthenticationProvider. If the current configuration is intentional, to turn off this warning, increase the logging level of 'org.springframework.security.config.annotation.authentication.configuration.InitializeUserDetailsBeanManagerConfigurer' to ERROR
2025-07-04T20:15:02.840+03:00  WARN 20052 --- [restartedMain] JpaBaseConfiguration$JpaWebConfiguration : spring.jpa.open-in-view is enabled by default. Therefore, database queries may be performed during view rendering. Explicitly configure spring.jpa.open-in-view to disable this warning
2025-07-04T20:15:03.175+03:00  INFO 20052 --- [restartedMain] o.s.b.a.e.web.EndpointLinksResolver      : Exposing 1 endpoint beneath base path '/actuator'
2025-07-04T20:15:03.526+03:00  INFO 20052 --- [restartedMain] o.s.b.a.h2.H2ConsoleAutoConfiguration    : H2 console available at '/h2-console'. Database available at 'jdbc:postgresql://localhost:5432/CloudStorage'
2025-07-04T20:15:03.550+03:00  INFO 20052 --- [restartedMain] o.s.b.d.a.OptionalLiveReloadServer       : LiveReload server is running on port 35729
2025-07-04T20:15:03.596+03:00  INFO 20052 --- [restartedMain] o.s.b.w.embedded.tomcat.TomcatWebServer  : Tomcat started on port 8080 (http) with context path '/'
2025-07-04T20:15:03.612+03:00  INFO 20052 --- [restartedMain] com.storage.CloudStorageApplication      : Started CloudStorageApplication in 4.014 seconds (process running for 1165.157)
2025-07-04T20:15:03.617+03:00  INFO 20052 --- [restartedMain] .ConditionEvaluationDeltaLoggingListener : Condition evaluation unchanged
2025-07-04T20:16:45.379+03:00  INFO 20052 --- [http-nio-8080-exec-1] o.a.c.c.C.[Tomcat].[localhost].[/]       : Initializing Spring DispatcherServlet 'dispatcherServlet'
2025-07-04T20:16:45.380+03:00  INFO 20052 --- [http-nio-8080-exec-1] o.s.web.servlet.DispatcherServlet        : Initializing Servlet 'dispatcherServlet'
2025-07-04T20:16:45.388+03:00  INFO 20052 --- [http-nio-8080-exec-1] o.s.web.servlet.DispatcherServlet        : Completed initialization in 8 ms
2025-07-04T20:16:45.559+03:00  INFO 20052 --- [http-nio-8080-exec-5] com.storage.controller.FileController    : Getting total file size for userId=2
2025-07-04T20:16:45.559+03:00  INFO 20052 --- [http-nio-8080-exec-4] com.storage.controller.FileController    : Getting total file size for userId=2
2025-07-04T20:16:45.559+03:00  INFO 20052 --- [http-nio-8080-exec-7] com.storage.controller.FileController    : Fetching files for userId=2
2025-07-04T20:16:45.608+03:00  INFO 20052 --- [http-nio-8080-exec-6] com.storage.controller.FileController    : Fetching files for userId=2
